
[TRACE] 06-06-2021 09:42:22.667 AM [http-nio-80-exec-4]  c.m.onlineShop.controller.testController - This is a trace log example
[INFO ] 06-06-2021 09:42:22.668 AM [http-nio-80-exec-4]  c.m.onlineShop.controller.testController - This is an info log example
[DEBUG] 06-06-2021 09:42:22.668 AM [http-nio-80-exec-4]  c.m.onlineShop.controller.testController - This is a debug log example
[ERROR] 06-06-2021 09:42:22.668 AM [http-nio-80-exec-4]  c.m.onlineShop.controller.testController - This is an error log example
[WARN ] 06-06-2021 09:42:22.668 AM [http-nio-80-exec-4]  c.m.onlineShop.controller.testController - This is a warn log example
[INFO ] 07-06-2021 04:46:24.372 AM [main]  com.mapsaProject.onlineShop.OnlineShopApplication - Starting OnlineShopApplication using Java 1.8.0_281 on DESKTOP-DK865NJ with PID 14224 (D:\Desktop\mapsa\mapsaproject\target\classes started by Ali in D:\Desktop\mapsa\mapsaproject)
[DEBUG] 07-06-2021 04:46:24.411 AM [main]  com.mapsaProject.onlineShop.OnlineShopApplication - Running with Spring Boot v2.5.0, Spring v5.3.7
[INFO ] 07-06-2021 04:46:24.412 AM [main]  com.mapsaProject.onlineShop.OnlineShopApplication - No active profile set, falling back to default profiles: default
[INFO ] 07-06-2021 06:25:51.943 AM [main]  com.mapsaProject.onlineShop.OnlineShopApplication - Starting OnlineShopApplication using Java 1.8.0_281 on DESKTOP-DK865NJ with PID 7448 (D:\Desktop\mapsa\mapsaproject\target\classes started by Ali in D:\Desktop\mapsa\mapsaproject)
[DEBUG] 07-06-2021 06:25:51.986 AM [main]  com.mapsaProject.onlineShop.OnlineShopApplication - Running with Spring Boot v2.5.0, Spring v5.3.7
[INFO ] 07-06-2021 06:25:51.989 AM [main]  com.mapsaProject.onlineShop.OnlineShopApplication - No active profile set, falling back to default profiles: default
[INFO ] 07-06-2021 06:30:46.766 AM [main]  com.mapsaProject.onlineShop.OnlineShopApplication - Starting OnlineShopApplication using Java 1.8.0_281 on DESKTOP-DK865NJ with PID 5036 (D:\Desktop\mapsa\mapsaproject\target\classes started by Ali in D:\Desktop\mapsa\mapsaproject)
[DEBUG] 07-06-2021 06:30:46.776 AM [main]  com.mapsaProject.onlineShop.OnlineShopApplication - Running with Spring Boot v2.5.0, Spring v5.3.7
[INFO ] 07-06-2021 06:30:46.777 AM [main]  com.mapsaProject.onlineShop.OnlineShopApplication - No active profile set, falling back to default profiles: default
[INFO ] 07-06-2021 06:31:18.035 AM [main]  com.mapsaProject.onlineShop.OnlineShopApplication - Starting OnlineShopApplication using Java 1.8.0_281 on DESKTOP-DK865NJ with PID 5932 (D:\Desktop\mapsa\mapsaproject\target\classes started by Ali in D:\Desktop\mapsa\mapsaproject)
[DEBUG] 07-06-2021 06:31:18.042 AM [main]  com.mapsaProject.onlineShop.OnlineShopApplication - Running with Spring Boot v2.5.0, Spring v5.3.7
[INFO ] 07-06-2021 06:31:18.043 AM [main]  com.mapsaProject.onlineShop.OnlineShopApplication - The following profiles are active: dev
[INFO ] 07-06-2021 06:31:43.721 AM [main]  com.mapsaProject.onlineShop.OnlineShopApplication - Starting OnlineShopApplication using Java 1.8.0_281 on DESKTOP-DK865NJ with PID 14568 (D:\Desktop\mapsa\mapsaproject\target\classes started by Ali in D:\Desktop\mapsa\mapsaproject)
[DEBUG] 07-06-2021 06:31:43.726 AM [main]  com.mapsaProject.onlineShop.OnlineShopApplication - Running with Spring Boot v2.5.0, Spring v5.3.7
[INFO ] 07-06-2021 06:31:43.727 AM [main]  com.mapsaProject.onlineShop.OnlineShopApplication - The following profiles are active: dev
[INFO ] 07-06-2021 06:35:50.450 AM [main]  com.mapsaProject.onlineShop.OnlineShopApplication - Starting OnlineShopApplication using Java 1.8.0_281 on DESKTOP-DK865NJ with PID 14200 (D:\Desktop\mapsa\mapsaproject\target\classes started by Ali in D:\Desktop\mapsa\mapsaproject)
[DEBUG] 07-06-2021 06:35:50.462 AM [main]  com.mapsaProject.onlineShop.OnlineShopApplication - Running with Spring Boot v2.5.0, Spring v5.3.7
[INFO ] 07-06-2021 06:35:50.463 AM [main]  com.mapsaProject.onlineShop.OnlineShopApplication - The following profiles are active: dev
[INFO ] 07-06-2021 06:36:40.974 AM [main]  com.mapsaProject.onlineShop.OnlineShopApplication - Starting OnlineShopApplication using Java 1.8.0_281 on DESKTOP-DK865NJ with PID 11364 (D:\Desktop\mapsa\mapsaproject\target\classes started by Ali in D:\Desktop\mapsa\mapsaproject)
[DEBUG] 07-06-2021 06:36:40.981 AM [main]  com.mapsaProject.onlineShop.OnlineShopApplication - Running with Spring Boot v2.5.0, Spring v5.3.7
[INFO ] 07-06-2021 06:36:40.982 AM [main]  com.mapsaProject.onlineShop.OnlineShopApplication - The following profiles are active: dev
[INFO ] 07-06-2021 06:38:22.377 AM [main]  com.mapsaProject.onlineShop.OnlineShopApplication - Starting OnlineShopApplication using Java 1.8.0_281 on DESKTOP-DK865NJ with PID 8928 (D:\Desktop\mapsa\mapsaproject\target\classes started by Ali in D:\Desktop\mapsa\mapsaproject)
[DEBUG] 07-06-2021 06:38:22.385 AM [main]  com.mapsaProject.onlineShop.OnlineShopApplication - Running with Spring Boot v2.5.0, Spring v5.3.7
[INFO ] 07-06-2021 06:38:22.385 AM [main]  com.mapsaProject.onlineShop.OnlineShopApplication - No active profile set, falling back to default profiles: default
[INFO ] 07-06-2021 06:39:50.285 AM [main]  com.mapsaProject.onlineShop.OnlineShopApplication - Starting OnlineShopApplication using Java 1.8.0_281 on DESKTOP-DK865NJ with PID 14796 (D:\Desktop\mapsa\mapsaproject\target\classes started by Ali in D:\Desktop\mapsa\mapsaproject)
[DEBUG] 07-06-2021 06:39:50.292 AM [main]  com.mapsaProject.onlineShop.OnlineShopApplication - Running with Spring Boot v2.5.0, Spring v5.3.7
[INFO ] 07-06-2021 06:39:50.293 AM [main]  com.mapsaProject.onlineShop.OnlineShopApplication - The following profiles are active: dev
[INFO ] 07-06-2021 06:42:40.591 AM [main]  com.mapsaProject.onlineShop.OnlineShopApplication - Starting OnlineShopApplication using Java 1.8.0_281 on DESKTOP-DK865NJ with PID 7624 (D:\Desktop\mapsa\mapsaproject\target\classes started by Ali in D:\Desktop\mapsa\mapsaproject)
[DEBUG] 07-06-2021 06:42:40.614 AM [main]  com.mapsaProject.onlineShop.OnlineShopApplication - Running with Spring Boot v2.5.0, Spring v5.3.7
[INFO ] 07-06-2021 06:42:40.615 AM [main]  com.mapsaProject.onlineShop.OnlineShopApplication - The following profiles are active: dev
[INFO ] 07-06-2021 06:50:15.401 AM [main]  com.mapsaProject.onlineShop.OnlineShopApplication - Starting OnlineShopApplication using Java 1.8.0_281 on DESKTOP-DK865NJ with PID 8368 (D:\Desktop\mapsa\mapsaproject\target\classes started by Ali in D:\Desktop\mapsa\mapsaproject)
[DEBUG] 07-06-2021 06:50:15.408 AM [main]  com.mapsaProject.onlineShop.OnlineShopApplication - Running with Spring Boot v2.5.0, Spring v5.3.7
[INFO ] 07-06-2021 06:50:15.410 AM [main]  com.mapsaProject.onlineShop.OnlineShopApplication - The following profiles are active: dev
[INFO ] 07-06-2021 07:11:21.230 AM [main]  com.mapsaProject.onlineShop.OnlineShopApplication - Starting OnlineShopApplication using Java 1.8.0_281 on DESKTOP-DK865NJ with PID 6412 (D:\Desktop\mapsa\mapsaproject\target\classes started by Ali in D:\Desktop\mapsa\mapsaproject)
[DEBUG] 07-06-2021 07:11:21.244 AM [main]  com.mapsaProject.onlineShop.OnlineShopApplication - Running with Spring Boot v2.5.0, Spring v5.3.7
[INFO ] 07-06-2021 07:11:21.246 AM [main]  com.mapsaProject.onlineShop.OnlineShopApplication - The following profiles are active: production
[INFO ] 07-06-2021 07:23:01.236 AM [main]  com.mapsaProject.onlineShop.OnlineShopApplication - Starting OnlineShopApplication using Java 1.8.0_281 on DESKTOP-DK865NJ with PID 14088 (D:\Desktop\mapsa\mapsaproject\target\classes started by Ali in D:\Desktop\mapsa\mapsaproject)
[DEBUG] 07-06-2021 07:23:01.243 AM [main]  com.mapsaProject.onlineShop.OnlineShopApplication - Running with Spring Boot v2.5.0, Spring v5.3.7
[INFO ] 07-06-2021 07:23:01.243 AM [main]  com.mapsaProject.onlineShop.OnlineShopApplication - The following profiles are active: dev
[INFO ] 07-06-2021 07:24:02.562 AM [main]  com.mapsaProject.onlineShop.OnlineShopApplication - Starting OnlineShopApplication using Java 1.8.0_281 on DESKTOP-DK865NJ with PID 15712 (D:\Desktop\mapsa\mapsaproject\target\classes started by Ali in D:\Desktop\mapsa\mapsaproject)
[DEBUG] 07-06-2021 07:24:02.569 AM [main]  com.mapsaProject.onlineShop.OnlineShopApplication - Running with Spring Boot v2.5.0, Spring v5.3.7
[INFO ] 07-06-2021 07:24:02.571 AM [main]  com.mapsaProject.onlineShop.OnlineShopApplication - The following profiles are active: dev
[INFO ] 09-06-2021 10:41:09.863 PM [main]  com.mapsaProject.onlineShop.OnlineShopApplication - Starting OnlineShopApplication using Java 1.8.0_72 on shivahp with PID 11348 (C:\Users\shiva\Desktop\projectb\mapsaproject\target\classes started by shiva in C:\Users\shiva\Desktop\projectb\mapsaproject)
[INFO ] 09-06-2021 10:41:09.898 PM [main]  com.mapsaProject.onlineShop.OnlineShopApplication - No active profile set, falling back to default profiles: default
[INFO ] 10-06-2021 12:55:41.353 PM [main]  com.mapsaProject.onlineShop.OnlineShopApplication - Starting OnlineShopApplication using Java 12.0.2 on DESKTOP-84KJ5PI with PID 11992 (C:\Users\98918\Desktop\test\mapsaproject\target\classes started by 98918 in C:\Users\98918\Desktop\test\mapsaproject)
[INFO ] 10-06-2021 12:55:41.357 PM [main]  com.mapsaProject.onlineShop.OnlineShopApplication - No active profile set, falling back to default profiles: default
[INFO ] 10-06-2021 12:55:50.302 PM [main]  com.mapsaProject.onlineShop.OnlineShopApplication - Started OnlineShopApplication in 9.881 seconds (JVM running for 11.813)
[INFO ] 10-06-2021 12:59:25.785 PM [main]  com.mapsaProject.onlineShop.OnlineShopApplication - Starting OnlineShopApplication using Java 12.0.2 on DESKTOP-84KJ5PI with PID 11228 (C:\Users\98918\Desktop\test\mapsaproject\target\classes started by 98918 in C:\Users\98918\Desktop\test\mapsaproject)
[INFO ] 10-06-2021 12:59:25.790 PM [main]  com.mapsaProject.onlineShop.OnlineShopApplication - No active profile set, falling back to default profiles: default
[INFO ] 10-06-2021 12:59:34.381 PM [main]  com.mapsaProject.onlineShop.OnlineShopApplication - Started OnlineShopApplication in 9.296 seconds (JVM running for 10.658)
[INFO ] 10-06-2021 01:18:27.424 PM [http-nio-8181-exec-2]  c.m.onlineShop.controller.SampleLogerController - saved!
[INFO ] 11-06-2021 01:06:38.453 PM [main]  com.mapsaProject.onlineShop.OnlineShopApplication - Starting OnlineShopApplication using Java 12.0.2 on DESKTOP-84KJ5PI with PID 4256 (C:\Users\98918\Desktop\test\mapsaproject\target\classes started by 98918 in C:\Users\98918\Desktop\test\mapsaproject)
[INFO ] 11-06-2021 01:06:38.457 PM [main]  com.mapsaProject.onlineShop.OnlineShopApplication - No active profile set, falling back to default profiles: default
[INFO ] 11-06-2021 09:00:08.547 PM [main]  com.mapsaProject.onlineShop.OnlineShopApplication - Starting OnlineShopApplication using Java 1.8.0_45 on DESKTOP-EUKBLH3 with PID 11220 (C:\uiiii\Java Learning\Mapsa\Bootcamp\Public Project\mapsaproject\target\classes started by fhasa in C:\uiiii\Java Learning\Mapsa\Bootcamp\Public Project\mapsaproject)
[INFO ] 11-06-2021 09:00:08.553 PM [main]  com.mapsaProject.onlineShop.OnlineShopApplication - The following profiles are active: Farshad
[INFO ] 11-06-2021 09:00:17.510 PM [main]  com.mapsaProject.onlineShop.OnlineShopApplication - Started OnlineShopApplication in 10.029 seconds (JVM running for 12.277)
[INFO ] 11-06-2021 09:14:00.682 PM [main]  com.mapsaProject.onlineShop.OnlineShopApplication - Starting OnlineShopApplication using Java 1.8.0_45 on DESKTOP-EUKBLH3 with PID 11736 (C:\uiiii\Java Learning\Mapsa\Bootcamp\Public Project\mapsaproject\target\classes started by fhasa in C:\uiiii\Java Learning\Mapsa\Bootcamp\Public Project\mapsaproject)
[INFO ] 11-06-2021 09:14:00.688 PM [main]  com.mapsaProject.onlineShop.OnlineShopApplication - The following profiles are active: Farshad
[INFO ] 11-06-2021 09:14:09.249 PM [main]  com.mapsaProject.onlineShop.OnlineShopApplication - Started OnlineShopApplication in 9.676 seconds (JVM running for 11.558)
[INFO ] 11-06-2021 09:16:38.803 PM [main]  com.mapsaProject.onlineShop.OnlineShopApplication - Starting OnlineShopApplication using Java 1.8.0_45 on DESKTOP-EUKBLH3 with PID 15640 (C:\uiiii\Java Learning\Mapsa\Bootcamp\Public Project\mapsaproject\target\classes started by fhasa in C:\uiiii\Java Learning\Mapsa\Bootcamp\Public Project\mapsaproject)
[INFO ] 11-06-2021 09:16:38.813 PM [main]  com.mapsaProject.onlineShop.OnlineShopApplication - The following profiles are active: Farshad
[INFO ] 11-06-2021 09:16:47.852 PM [main]  com.mapsaProject.onlineShop.OnlineShopApplication - Started OnlineShopApplication in 10.221 seconds (JVM running for 12.604)
[INFO ] 11-06-2021 09:26:27.924 PM [main]  com.mapsaProject.onlineShop.OnlineShopApplication - Starting OnlineShopApplication using Java 1.8.0_45 on DESKTOP-EUKBLH3 with PID 11168 (C:\uiiii\Java Learning\Mapsa\Bootcamp\Public Project\mapsaproject\target\classes started by fhasa in C:\uiiii\Java Learning\Mapsa\Bootcamp\Public Project\mapsaproject)
[INFO ] 11-06-2021 09:26:27.924 PM [main]  com.mapsaProject.onlineShop.OnlineShopApplication - The following profiles are active: Farshad
[INFO ] 11-06-2021 09:26:35.446 PM [main]  com.mapsaProject.onlineShop.OnlineShopApplication - Started OnlineShopApplication in 8.387 seconds (JVM running for 11.176)
[INFO ] 11-06-2021 09:28:35.392 PM [main]  com.mapsaProject.onlineShop.OnlineShopApplication - Starting OnlineShopApplication using Java 1.8.0_45 on DESKTOP-EUKBLH3 with PID 7980 (C:\uiiii\Java Learning\Mapsa\Bootcamp\Public Project\mapsaproject\target\classes started by fhasa in C:\uiiii\Java Learning\Mapsa\Bootcamp\Public Project\mapsaproject)
[INFO ] 11-06-2021 09:28:35.392 PM [main]  com.mapsaProject.onlineShop.OnlineShopApplication - The following profiles are active: Farshad
[INFO ] 11-06-2021 09:28:42.901 PM [main]  com.mapsaProject.onlineShop.OnlineShopApplication - Started OnlineShopApplication in 8.634 seconds (JVM running for 10.482)
[INFO ] 11-06-2021 10:35:13.310 PM [main]  com.mapsaProject.onlineShop.OnlineShopApplication - Starting OnlineShopApplication using Java 1.8.0_45 on DESKTOP-EUKBLH3 with PID 14224 (C:\uiiii\Java Learning\Mapsa\Bootcamp\Public Project\mapsaproject\target\classes started by fhasa in C:\uiiii\Java Learning\Mapsa\Bootcamp\Public Project\mapsaproject)
[INFO ] 11-06-2021 10:35:13.316 PM [main]  com.mapsaProject.onlineShop.OnlineShopApplication - The following profiles are active: Farshad
[INFO ] 11-06-2021 10:35:21.548 PM [main]  com.mapsaProject.onlineShop.OnlineShopApplication - Started OnlineShopApplication in 9.402 seconds (JVM running for 11.403)
[INFO ] 12-06-2021 02:00:11.784 PM [main]  com.mapsaProject.onlineShop.OnlineShopApplication - Starting OnlineShopApplication using Java 1.8.0_45 on DESKTOP-EUKBLH3 with PID 15308 (C:\uiiii\Java Learning\Mapsa\Bootcamp\Public Project\mapsaproject\target\classes started by fhasa in C:\uiiii\Java Learning\Mapsa\Bootcamp\Public Project\mapsaproject)
[INFO ] 12-06-2021 02:00:11.790 PM [main]  com.mapsaProject.onlineShop.OnlineShopApplication - The following profiles are active: Farshad
[INFO ] 12-06-2021 02:00:21.235 PM [main]  com.mapsaProject.onlineShop.OnlineShopApplication - Started OnlineShopApplication in 10.781 seconds (JVM running for 13.972)
[INFO ] 12-06-2021 03:49:03.417 PM [main]  com.mapsaProject.onlineShop.OnlineShopApplication - Starting OnlineShopApplication using Java 1.8.0_45 on DESKTOP-EUKBLH3 with PID 15420 (C:\uiiii\Java Learning\Mapsa\Bootcamp\Public Project\mapsaproject\target\classes started by fhasa in C:\uiiii\Java Learning\Mapsa\Bootcamp\Public Project\mapsaproject)
[INFO ] 12-06-2021 03:49:03.422 PM [main]  com.mapsaProject.onlineShop.OnlineShopApplication - The following profiles are active: Farshad
[INFO ] 12-06-2021 03:49:11.953 PM [main]  com.mapsaProject.onlineShop.OnlineShopApplication - Started OnlineShopApplication in 9.722 seconds (JVM running for 11.778)
[INFO ] 14-06-2021 04:09:40.610 PM [main]  com.mapsaProject.onlineShop.OnlineShopApplication - Starting OnlineShopApplication using Java 16.0.1 on asus with PID 8652 (E:\Mr-dodange\halletamrin\3onlineshop\mapsaproject\target\classes started by asadi in E:\Mr-dodange\halletamrin\3onlineshop\mapsaproject)
[INFO ] 14-06-2021 04:09:40.643 PM [main]  com.mapsaProject.onlineShop.OnlineShopApplication - No active profile set, falling back to default profiles: default
[INFO ] 14-06-2021 04:09:44.953 PM [main]  com.mapsaProject.onlineShop.OnlineShopApplication - Started OnlineShopApplication in 5.23 seconds (JVM running for 6.578)
[INFO ] 14-06-2021 04:16:45.311 PM [http-nio-8080-exec-2]  c.m.onlineShop.controller.SampleLogerController - The product added to Brand
[INFO ] 14-06-2021 04:47:34.117 PM [main]  com.mapsaProject.onlineShop.OnlineShopApplication - Starting OnlineShopApplication using Java 16.0.1 on asus with PID 6516 (E:\Mr-dodange\halletamrin\3onlineshop\mapsaproject\target\classes started by asadi in E:\Mr-dodange\halletamrin\3onlineshop\mapsaproject)
[INFO ] 14-06-2021 04:47:34.119 PM [main]  com.mapsaProject.onlineShop.OnlineShopApplication - No active profile set, falling back to default profiles: default
[INFO ] 14-06-2021 04:47:37.558 PM [main]  com.mapsaProject.onlineShop.OnlineShopApplication - Started OnlineShopApplication in 3.792 seconds (JVM running for 4.357)
[INFO ] 14-06-2021 04:51:45.776 PM [main]  com.mapsaProject.onlineShop.OnlineShopApplication - Starting OnlineShopApplication using Java 16.0.1 on asus with PID 3008 (E:\Mr-dodange\halletamrin\3onlineshop\mapsaproject\target\classes started by asadi in E:\Mr-dodange\halletamrin\3onlineshop\mapsaproject)
[INFO ] 14-06-2021 04:51:45.778 PM [main]  com.mapsaProject.onlineShop.OnlineShopApplication - No active profile set, falling back to default profiles: default
[INFO ] 14-06-2021 04:51:49.265 PM [main]  com.mapsaProject.onlineShop.OnlineShopApplication - Started OnlineShopApplication in 3.836 seconds (JVM running for 4.407)
[INFO ] 14-06-2021 04:56:07.323 PM [main]  com.mapsaProject.onlineShop.OnlineShopApplication - Starting OnlineShopApplication using Java 16.0.1 on asus with PID 8160 (E:\Mr-dodange\halletamrin\3onlineshop\mapsaproject\target\classes started by asadi in E:\Mr-dodange\halletamrin\3onlineshop\mapsaproject)
[INFO ] 14-06-2021 04:56:07.325 PM [main]  com.mapsaProject.onlineShop.OnlineShopApplication - No active profile set, falling back to default profiles: default
[INFO ] 14-06-2021 04:56:10.781 PM [main]  com.mapsaProject.onlineShop.OnlineShopApplication - Started OnlineShopApplication in 3.818 seconds (JVM running for 4.395)
[INFO ] 14-06-2021 05:09:58.048 PM [main]  com.mapsaProject.onlineShop.OnlineShopApplication - Starting OnlineShopApplication using Java 16.0.1 on asus with PID 10024 (E:\Mr-dodange\halletamrin\3onlineshop\mapsaproject\target\classes started by asadi in E:\Mr-dodange\halletamrin\3onlineshop\mapsaproject)
[INFO ] 14-06-2021 05:09:58.050 PM [main]  com.mapsaProject.onlineShop.OnlineShopApplication - No active profile set, falling back to default profiles: default
[INFO ] 14-06-2021 05:10:01.466 PM [main]  com.mapsaProject.onlineShop.OnlineShopApplication - Started OnlineShopApplication in 3.775 seconds (JVM running for 4.396)
[INFO ] 12-06-2021 06:05:57.020 PM [main]  com.mapsaProject.onlineShop.OnlineShopApplication - Starting OnlineShopApplication using Java 1.8.0_45 on DESKTOP-EUKBLH3 with PID 15572 (C:\uiiii\Java Learning\Mapsa\Bootcamp\Public Project\mapsaproject\target\classes started by fhasa in C:\uiiii\Java Learning\Mapsa\Bootcamp\Public Project\mapsaproject)
[INFO ] 12-06-2021 06:05:57.027 PM [main]  com.mapsaProject.onlineShop.OnlineShopApplication - The following profiles are active: Farshad
[INFO ] 12-06-2021 06:06:06.070 PM [main]  com.mapsaProject.onlineShop.OnlineShopApplication - Started OnlineShopApplication in 10.196 seconds (JVM running for 11.992)
[INFO ] 13-06-2021 03:23:03.406 AM [main]  com.mapsaProject.onlineShop.OnlineShopApplication - Starting OnlineShopApplication using Java 1.8.0_45 on DESKTOP-EUKBLH3 with PID 3000 (C:\uiiii\Java Learning\Mapsa\Bootcamp\Public Project\mapsaproject\target\classes started by fhasa in C:\uiiii\Java Learning\Mapsa\Bootcamp\Public Project\mapsaproject)
[INFO ] 13-06-2021 03:23:03.411 AM [main]  com.mapsaProject.onlineShop.OnlineShopApplication - The following profiles are active: Farshad
[INFO ] 13-06-2021 03:23:12.460 AM [main]  com.mapsaProject.onlineShop.OnlineShopApplication - Started OnlineShopApplication in 10.349 seconds (JVM running for 13.741)
[INFO ] 13-06-2021 03:27:37.411 AM [main]  com.mapsaProject.onlineShop.OnlineShopApplication - Starting OnlineShopApplication using Java 1.8.0_45 on DESKTOP-EUKBLH3 with PID 9100 (C:\uiiii\Java Learning\Mapsa\Bootcamp\Public Project\mapsaproject\target\classes started by fhasa in C:\uiiii\Java Learning\Mapsa\Bootcamp\Public Project\mapsaproject)
[INFO ] 13-06-2021 03:27:37.417 AM [main]  com.mapsaProject.onlineShop.OnlineShopApplication - The following profiles are active: Farshad
[INFO ] 13-06-2021 03:27:46.412 AM [main]  com.mapsaProject.onlineShop.OnlineShopApplication - Started OnlineShopApplication in 10.17 seconds (JVM running for 12.285)
[INFO ] 13-06-2021 03:44:37.164 AM [main]  com.mapsaProject.onlineShop.OnlineShopApplication - Starting OnlineShopApplication using Java 1.8.0_45 on DESKTOP-EUKBLH3 with PID 13572 (C:\uiiii\Java Learning\Mapsa\Bootcamp\Public Project\mapsaproject\target\classes started by fhasa in C:\uiiii\Java Learning\Mapsa\Bootcamp\Public Project\mapsaproject)
[INFO ] 13-06-2021 03:44:37.170 AM [main]  com.mapsaProject.onlineShop.OnlineShopApplication - The following profiles are active: Farshad
[INFO ] 13-06-2021 03:44:45.312 AM [main]  com.mapsaProject.onlineShop.OnlineShopApplication - Started OnlineShopApplication in 9.279 seconds (JVM running for 11.245)
[INFO ] 13-06-2021 04:07:03.881 AM [main]  com.mapsaProject.onlineShop.OnlineShopApplication - Starting OnlineShopApplication using Java 1.8.0_45 on DESKTOP-EUKBLH3 with PID 15460 (C:\uiiii\Java Learning\Mapsa\Bootcamp\Public Project\mapsaproject\target\classes started by fhasa in C:\uiiii\Java Learning\Mapsa\Bootcamp\Public Project\mapsaproject)
[INFO ] 13-06-2021 04:07:03.887 AM [main]  com.mapsaProject.onlineShop.OnlineShopApplication - The following profiles are active: Farshad
[INFO ] 13-06-2021 04:07:12.039 AM [main]  com.mapsaProject.onlineShop.OnlineShopApplication - Started OnlineShopApplication in 9.34 seconds (JVM running for 11.133)
[INFO ] 13-06-2021 04:10:51.224 AM [main]  com.mapsaProject.onlineShop.OnlineShopApplication - Starting OnlineShopApplication using Java 1.8.0_45 on DESKTOP-EUKBLH3 with PID 3864 (C:\uiiii\Java Learning\Mapsa\Bootcamp\Public Project\mapsaproject\target\classes started by fhasa in C:\uiiii\Java Learning\Mapsa\Bootcamp\Public Project\mapsaproject)
[INFO ] 13-06-2021 04:10:51.231 AM [main]  com.mapsaProject.onlineShop.OnlineShopApplication - The following profiles are active: Farshad
[INFO ] 13-06-2021 04:10:59.311 AM [main]  com.mapsaProject.onlineShop.OnlineShopApplication - Started OnlineShopApplication in 9.172 seconds (JVM running for 11.182)
[INFO ] 13-06-2021 04:15:02.256 AM [main]  com.mapsaProject.onlineShop.OnlineShopApplication - Starting OnlineShopApplication using Java 1.8.0_45 on DESKTOP-EUKBLH3 with PID 7056 (C:\uiiii\Java Learning\Mapsa\Bootcamp\Public Project\mapsaproject\target\classes started by fhasa in C:\uiiii\Java Learning\Mapsa\Bootcamp\Public Project\mapsaproject)
[INFO ] 13-06-2021 04:15:02.262 AM [main]  com.mapsaProject.onlineShop.OnlineShopApplication - The following profiles are active: Farshad
[INFO ] 13-06-2021 04:15:10.743 AM [main]  com.mapsaProject.onlineShop.OnlineShopApplication - Started OnlineShopApplication in 9.688 seconds (JVM running for 11.73)
[INFO ] 13-06-2021 04:16:40.378 AM [main]  com.mapsaProject.onlineShop.OnlineShopApplication - Starting OnlineShopApplication using Java 1.8.0_45 on DESKTOP-EUKBLH3 with PID 15896 (C:\uiiii\Java Learning\Mapsa\Bootcamp\Public Project\mapsaproject\target\classes started by fhasa in C:\uiiii\Java Learning\Mapsa\Bootcamp\Public Project\mapsaproject)
[INFO ] 13-06-2021 04:16:40.384 AM [main]  com.mapsaProject.onlineShop.OnlineShopApplication - The following profiles are active: Farshad
[INFO ] 13-06-2021 04:16:49.224 AM [main]  com.mapsaProject.onlineShop.OnlineShopApplication - Started OnlineShopApplication in 10.029 seconds (JVM running for 11.844)
[INFO ] 13-06-2021 04:22:26.000 AM [http-nio-8080-exec-1]  c.m.onlineShop.controller.SampleLogerController - get customer by id
[INFO ] 13-06-2021 04:22:26.012 AM [http-nio-8080-exec-2]  c.m.onlineShop.controller.SampleLogerController - get customer by id
[INFO ] 13-06-2021 04:22:26.020 AM [http-nio-8080-exec-3]  c.m.onlineShop.controller.SampleLogerController - get customer by id
[INFO ] 13-06-2021 04:22:33.508 AM [main]  com.mapsaProject.onlineShop.OnlineShopApplication - Starting OnlineShopApplication using Java 1.8.0_45 on DESKTOP-EUKBLH3 with PID 15952 (C:\uiiii\Java Learning\Mapsa\Bootcamp\Public Project\mapsaproject\target\classes started by fhasa in C:\uiiii\Java Learning\Mapsa\Bootcamp\Public Project\mapsaproject)
[INFO ] 13-06-2021 04:22:33.514 AM [main]  com.mapsaProject.onlineShop.OnlineShopApplication - The following profiles are active: Farshad
[INFO ] 13-06-2021 04:23:08.070 AM [main]  com.mapsaProject.onlineShop.OnlineShopApplication - Starting OnlineShopApplication using Java 1.8.0_45 on DESKTOP-EUKBLH3 with PID 10108 (C:\uiiii\Java Learning\Mapsa\Bootcamp\Public Project\mapsaproject\target\classes started by fhasa in C:\uiiii\Java Learning\Mapsa\Bootcamp\Public Project\mapsaproject)
[INFO ] 13-06-2021 04:23:08.077 AM [main]  com.mapsaProject.onlineShop.OnlineShopApplication - The following profiles are active: Farshad
[INFO ] 13-06-2021 04:23:16.577 AM [main]  com.mapsaProject.onlineShop.OnlineShopApplication - Started OnlineShopApplication in 9.789 seconds (JVM running for 11.588)
[INFO ] 13-06-2021 04:23:42.146 AM [http-nio-8080-exec-5]  c.m.onlineShop.controller.SampleLogerController - get customer by id
[INFO ] 13-06-2021 04:23:49.959 AM [http-nio-8080-exec-6]  c.m.onlineShop.controller.SampleLogerController - get customer by id
[INFO ] 13-06-2021 04:28:34.656 AM [main]  com.mapsaProject.onlineShop.OnlineShopApplication - Starting OnlineShopApplication using Java 1.8.0_45 on DESKTOP-EUKBLH3 with PID 8448 (C:\uiiii\Java Learning\Mapsa\Bootcamp\Public Project\mapsaproject\target\classes started by fhasa in C:\uiiii\Java Learning\Mapsa\Bootcamp\Public Project\mapsaproject)
[INFO ] 13-06-2021 04:28:34.662 AM [main]  com.mapsaProject.onlineShop.OnlineShopApplication - The following profiles are active: Farshad
[INFO ] 13-06-2021 04:28:43.098 AM [main]  com.mapsaProject.onlineShop.OnlineShopApplication - Started OnlineShopApplication in 9.756 seconds (JVM running for 11.796)
[INFO ] 13-06-2021 04:29:09.875 AM [http-nio-8080-exec-5]  c.m.onlineShop.controller.SampleLogerController - get customer by id
[INFO ] 13-06-2021 04:29:15.008 AM [http-nio-8080-exec-6]  c.m.onlineShop.controller.SampleLogerController - get customer by id
[INFO ] 13-06-2021 04:29:56.041 AM [http-nio-8080-exec-8]  c.m.onlineShop.controller.SampleLogerController - get customer by id
[INFO ] 13-06-2021 04:30:42.347 AM [main]  com.mapsaProject.onlineShop.OnlineShopApplication - Starting OnlineShopApplication using Java 1.8.0_45 on DESKTOP-EUKBLH3 with PID 11412 (C:\uiiii\Java Learning\Mapsa\Bootcamp\Public Project\mapsaproject\target\classes started by fhasa in C:\uiiii\Java Learning\Mapsa\Bootcamp\Public Project\mapsaproject)
[INFO ] 13-06-2021 04:30:42.353 AM [main]  com.mapsaProject.onlineShop.OnlineShopApplication - The following profiles are active: Farshad
[INFO ] 13-06-2021 04:30:50.747 AM [main]  com.mapsaProject.onlineShop.OnlineShopApplication - Started OnlineShopApplication in 9.578 seconds (JVM running for 11.679)
[INFO ] 13-06-2021 12:47:46.784 PM [main]  com.mapsaProject.onlineShop.OnlineShopApplication - Starting OnlineShopApplication using Java 1.8.0_45 on DESKTOP-EUKBLH3 with PID 3544 (C:\uiiii\Java Learning\Mapsa\Bootcamp\Public Project\mapsaproject\target\classes started by fhasa in C:\uiiii\Java Learning\Mapsa\Bootcamp\Public Project\mapsaproject)
[INFO ] 13-06-2021 12:47:46.784 PM [main]  com.mapsaProject.onlineShop.OnlineShopApplication - The following profiles are active: Farshad
[INFO ] 13-06-2021 12:47:55.646 PM [main]  com.mapsaProject.onlineShop.OnlineShopApplication - Started OnlineShopApplication in 9.841 seconds (JVM running for 13.2)
[INFO ] 13-06-2021 01:22:21.971 PM [main]  com.mapsaProject.onlineShop.OnlineShopApplication - Starting OnlineShopApplication using Java 1.8.0_45 on DESKTOP-EUKBLH3 with PID 11076 (C:\uiiii\Java Learning\Mapsa\Bootcamp\Public Project\mapsaproject\target\classes started by fhasa in C:\uiiii\Java Learning\Mapsa\Bootcamp\Public Project\mapsaproject)
[INFO ] 13-06-2021 01:22:21.987 PM [main]  com.mapsaProject.onlineShop.OnlineShopApplication - The following profiles are active: Farshad
[INFO ] 13-06-2021 01:22:29.602 PM [main]  com.mapsaProject.onlineShop.OnlineShopApplication - Started OnlineShopApplication in 8.751 seconds (JVM running for 10.691)
[INFO ] 13-06-2021 01:27:08.105 PM [main]  com.mapsaProject.onlineShop.OnlineShopApplication - Starting OnlineShopApplication using Java 1.8.0_45 on DESKTOP-EUKBLH3 with PID 3112 (C:\uiiii\Java Learning\Mapsa\Bootcamp\Public Project\mapsaproject\target\classes started by fhasa in C:\uiiii\Java Learning\Mapsa\Bootcamp\Public Project\mapsaproject)
[INFO ] 13-06-2021 01:27:08.121 PM [main]  com.mapsaProject.onlineShop.OnlineShopApplication - The following profiles are active: Farshad
[INFO ] 13-06-2021 01:27:15.941 PM [main]  com.mapsaProject.onlineShop.OnlineShopApplication - Started OnlineShopApplication in 8.934 seconds (JVM running for 10.774)
[INFO ] 13-06-2021 02:13:17.694 PM [main]  com.mapsaProject.onlineShop.OnlineShopApplication - Starting OnlineShopApplication using Java 1.8.0_45 on DESKTOP-EUKBLH3 with PID 8300 (C:\uiiii\Java Learning\Mapsa\Bootcamp\Public Project\mapsaproject\target\classes started by fhasa in C:\uiiii\Java Learning\Mapsa\Bootcamp\Public Project\mapsaproject)
[INFO ] 13-06-2021 02:13:17.701 PM [main]  com.mapsaProject.onlineShop.OnlineShopApplication - The following profiles are active: Farshad
[INFO ] 13-06-2021 02:13:26.636 PM [main]  com.mapsaProject.onlineShop.OnlineShopApplication - Starting OnlineShopApplication using Java 1.8.0_45 on DESKTOP-EUKBLH3 with PID 5804 (C:\uiiii\Java Learning\Mapsa\Bootcamp\Public Project\mapsaproject\target\classes started by fhasa in C:\uiiii\Java Learning\Mapsa\Bootcamp\Public Project\mapsaproject)
[INFO ] 13-06-2021 02:13:26.652 PM [main]  com.mapsaProject.onlineShop.OnlineShopApplication - The following profiles are active: Farshad
[INFO ] 13-06-2021 02:13:34.345 PM [main]  com.mapsaProject.onlineShop.OnlineShopApplication - Started OnlineShopApplication in 8.788 seconds (JVM running for 10.545)
[INFO ] 13-06-2021 02:15:58.068 PM [main]  com.mapsaProject.onlineShop.OnlineShopApplication - Starting OnlineShopApplication using Java 1.8.0_45 on DESKTOP-EUKBLH3 with PID 3920 (C:\uiiii\Java Learning\Mapsa\Bootcamp\Public Project\mapsaproject\target\classes started by fhasa in C:\uiiii\Java Learning\Mapsa\Bootcamp\Public Project\mapsaproject)
[INFO ] 13-06-2021 02:15:58.074 PM [main]  com.mapsaProject.onlineShop.OnlineShopApplication - The following profiles are active: Farshad
[INFO ] 13-06-2021 02:16:05.828 PM [main]  com.mapsaProject.onlineShop.OnlineShopApplication - Started OnlineShopApplication in 8.913 seconds (JVM running for 10.725)
[INFO ] 13-06-2021 03:28:59.216 PM [main]  com.mapsaProject.onlineShop.OnlineShopApplication - Starting OnlineShopApplication using Java 1.8.0_45 on DESKTOP-EUKBLH3 with PID 12420 (C:\uiiii\Java Learning\Mapsa\Bootcamp\Public Project\mapsaproject\target\classes started by fhasa in C:\uiiii\Java Learning\Mapsa\Bootcamp\Public Project\mapsaproject)
[INFO ] 13-06-2021 03:28:59.222 PM [main]  com.mapsaProject.onlineShop.OnlineShopApplication - The following profiles are active: Farshad
[INFO ] 13-06-2021 03:29:06.886 PM [main]  com.mapsaProject.onlineShop.OnlineShopApplication - Started OnlineShopApplication in 8.764 seconds (JVM running for 10.505)
[INFO ] 14-06-2021 05:38:09.204 PM [main]  com.mapsaProject.onlineShop.OnlineShopApplication - Starting OnlineShopApplication using Java 16.0.1 on asus with PID 6484 (E:\Mr-dodange\halletamrin\3onlineshop\mapsaproject\target\classes started by asadi in E:\Mr-dodange\halletamrin\3onlineshop\mapsaproject)
[INFO ] 14-06-2021 05:38:09.211 PM [main]  com.mapsaProject.onlineShop.OnlineShopApplication - No active profile set, falling back to default profiles: default
[INFO ] 14-06-2021 05:38:13.346 PM [main]  com.mapsaProject.onlineShop.OnlineShopApplication - Started OnlineShopApplication in 5.011 seconds (JVM running for 6.031)
[INFO ] 14-06-2021 05:38:51.712 PM [http-nio-8080-exec-5]  c.m.onlineShop.controller.SampleLogerController - The product added to Brand
[INFO ] 14-06-2021 06:40:00.691 PM [main]  com.mapsaProject.onlineShop.OnlineShopApplication - Starting OnlineShopApplication using Java 16.0.1 on asus with PID 8776 (E:\Mr-dodange\halletamrin\3onlineshop\mapsaproject\target\classes started by asadi in E:\Mr-dodange\halletamrin\3onlineshop\mapsaproject)
[INFO ] 14-06-2021 06:40:00.692 PM [main]  com.mapsaProject.onlineShop.OnlineShopApplication - No active profile set, falling back to default profiles: default
[INFO ] 14-06-2021 06:40:04.270 PM [main]  com.mapsaProject.onlineShop.OnlineShopApplication - Started OnlineShopApplication in 3.949 seconds (JVM running for 4.544)
[INFO ] 14-06-2021 06:41:23.456 PM [main]  com.mapsaProject.onlineShop.OnlineShopApplication - Starting OnlineShopApplication using Java 16.0.1 on asus with PID 5060 (E:\Mr-dodange\halletamrin\3onlineshop\mapsaproject\target\classes started by asadi in E:\Mr-dodange\halletamrin\3onlineshop\mapsaproject)
[INFO ] 14-06-2021 06:41:23.458 PM [main]  com.mapsaProject.onlineShop.OnlineShopApplication - No active profile set, falling back to default profiles: default
[INFO ] 14-06-2021 06:41:26.863 PM [main]  com.mapsaProject.onlineShop.OnlineShopApplication - Started OnlineShopApplication in 3.753 seconds (JVM running for 4.317)
